{"/Users/moayed/Desktop/e-commerce-app/app.js": {"path":"/Users/moayed/Desktop/e-commerce-app/app.js","statementMap":{"0":{"start":{"line":8,"column":16},"end":{"line":8,"column":34}},"1":{"start":{"line":9,"column":12},"end":{"line":9,"column":21}},"2":{"start":{"line":10,"column":21},"end":{"line":10,"column":54}},"3":{"start":{"line":12,"column":13},"end":{"line":12,"column":28}},"4":{"start":{"line":13,"column":0},"end":{"line":13,"column":23}},"5":{"start":{"line":14,"column":0},"end":{"line":14,"column":15}},"6":{"start":{"line":19,"column":19},"end":{"line":19,"column":43}},"7":{"start":{"line":20,"column":0},"end":{"line":20,"column":24}},"8":{"start":{"line":22,"column":19},"end":{"line":22,"column":44}},"9":{"start":{"line":23,"column":0},"end":{"line":23,"column":29}},"10":{"start":{"line":25,"column":19},"end":{"line":25,"column":44}},"11":{"start":{"line":26,"column":0},"end":{"line":26,"column":29}},"12":{"start":{"line":28,"column":20},"end":{"line":28,"column":46}},"13":{"start":{"line":29,"column":0},"end":{"line":29,"column":31}},"14":{"start":{"line":31,"column":23},"end":{"line":31,"column":52}},"15":{"start":{"line":32,"column":0},"end":{"line":32,"column":36}},"16":{"start":{"line":39,"column":0},"end":{"line":42,"column":5}},"17":{"start":{"line":40,"column":16},"end":{"line":40,"column":50}},"18":{"start":{"line":41,"column":4},"end":{"line":41,"column":21}},"19":{"start":{"line":46,"column":0},"end":{"line":53,"column":5}},"20":{"start":{"line":47,"column":4},"end":{"line":47,"column":34}},"21":{"start":{"line":49,"column":4},"end":{"line":52,"column":7}},"22":{"start":{"line":56,"column":2},"end":{"line":56,"column":23}}},"fnMap":{"0":{"name":"(anonymous_0)","decl":{"start":{"line":39,"column":8},"end":{"line":39,"column":9}},"loc":{"start":{"line":39,"column":33},"end":{"line":42,"column":3}},"line":39},"1":{"name":"(anonymous_1)","decl":{"start":{"line":46,"column":8},"end":{"line":46,"column":9}},"loc":{"start":{"line":46,"column":33},"end":{"line":53,"column":3}},"line":46}},"branchMap":{"0":{"loc":{"start":{"line":47,"column":15},"end":{"line":47,"column":32}},"type":"binary-expr","locations":[{"start":{"line":47,"column":15},"end":{"line":47,"column":25}},{"start":{"line":47,"column":29},"end":{"line":47,"column":32}}],"line":47}},"s":{"0":4,"1":4,"2":4,"3":4,"4":4,"5":4,"6":4,"7":4,"8":4,"9":4,"10":4,"11":4,"12":4,"13":4,"14":4,"15":4,"16":4,"17":1,"18":1,"19":4,"20":23,"21":23,"22":4},"f":{"0":1,"1":23},"b":{"0":[23,0]},"_coverageSchema":"1a1c01bbd47fc00a2c39e90264f33305004495a9","hash":"529979c0ac7b731ec92e585208a90b7d85579a54"}
,"/Users/moayed/Desktop/e-commerce-app/config.js": {"path":"/Users/moayed/Desktop/e-commerce-app/config.js","statementMap":{"0":{"start":{"line":4,"column":0},"end":{"line":4,"column":27}},"1":{"start":{"line":6,"column":15},"end":{"line":6,"column":51}},"2":{"start":{"line":8,"column":13},"end":{"line":8,"column":38}},"3":{"start":{"line":14,"column":0},"end":{"line":18,"column":1}},"4":{"start":{"line":15,"column":2},"end":{"line":15,"column":27}},"5":{"start":{"line":17,"column":2},"end":{"line":17,"column":52}},"6":{"start":{"line":20,"column":0},"end":{"line":20,"column":38}},"7":{"start":{"line":22,"column":0},"end":{"line":26,"column":2}}},"fnMap":{},"branchMap":{"0":{"loc":{"start":{"line":6,"column":15},"end":{"line":6,"column":51}},"type":"binary-expr","locations":[{"start":{"line":6,"column":15},"end":{"line":6,"column":37}},{"start":{"line":6,"column":41},"end":{"line":6,"column":51}}],"line":6},"1":{"loc":{"start":{"line":8,"column":13},"end":{"line":8,"column":38}},"type":"binary-expr","locations":[{"start":{"line":8,"column":13},"end":{"line":8,"column":30}},{"start":{"line":8,"column":34},"end":{"line":8,"column":38}}],"line":8},"2":{"loc":{"start":{"line":14,"column":0},"end":{"line":18,"column":1}},"type":"if","locations":[{"start":{"line":14,"column":0},"end":{"line":18,"column":1}},{"start":{"line":14,"column":0},"end":{"line":18,"column":1}}],"line":14},"3":{"loc":{"start":{"line":17,"column":12},"end":{"line":17,"column":51}},"type":"binary-expr","locations":[{"start":{"line":17,"column":12},"end":{"line":17,"column":36}},{"start":{"line":17,"column":40},"end":{"line":17,"column":51}}],"line":17}},"s":{"0":8,"1":8,"2":8,"3":8,"4":8,"5":0,"6":8,"7":8},"f":{},"b":{"0":[8,0],"1":[8,8],"2":[8,0],"3":[0,0]},"_coverageSchema":"1a1c01bbd47fc00a2c39e90264f33305004495a9","hash":"f6dc385bd4243784e7f7129289b8e76d9158c13d"}
,"/Users/moayed/Desktop/e-commerce-app/db.js": {"path":"/Users/moayed/Desktop/e-commerce-app/db.js","statementMap":{"0":{"start":{"line":4,"column":19},"end":{"line":4,"column":32}},"1":{"start":{"line":5,"column":19},"end":{"line":5,"column":38}},"2":{"start":{"line":7,"column":15},"end":{"line":9,"column":2}},"3":{"start":{"line":11,"column":0},"end":{"line":11,"column":17}},"4":{"start":{"line":14,"column":0},"end":{"line":14,"column":24}}},"fnMap":{},"branchMap":{},"s":{"0":8,"1":8,"2":8,"3":8,"4":8},"f":{},"b":{},"_coverageSchema":"1a1c01bbd47fc00a2c39e90264f33305004495a9","hash":"26ebb4dc28beea10a279d8bfef71bdad2a3ea871"}
,"/Users/moayed/Desktop/e-commerce-app/helpers/createToken.js": {"path":"/Users/moayed/Desktop/e-commerce-app/helpers/createToken.js","statementMap":{"0":{"start":{"line":1,"column":12},"end":{"line":1,"column":35}},"1":{"start":{"line":2,"column":19},"end":{"line":2,"column":39}},"2":{"start":{"line":8,"column":16},"end":{"line":10,"column":3}},"3":{"start":{"line":12,"column":2},"end":{"line":12,"column":35}},"4":{"start":{"line":16,"column":0},"end":{"line":16,"column":29}}},"fnMap":{"0":{"name":"createToken","decl":{"start":{"line":7,"column":9},"end":{"line":7,"column":20}},"loc":{"start":{"line":7,"column":27},"end":{"line":13,"column":1}},"line":7}},"branchMap":{},"s":{"0":4,"1":4,"2":28,"3":28,"4":4},"f":{"0":28},"b":{},"_coverageSchema":"1a1c01bbd47fc00a2c39e90264f33305004495a9","hash":"3cd36ec924c2dc096cef2ea913aac564dd47b939"}
,"/Users/moayed/Desktop/e-commerce-app/helpers/expressError.js": {"path":"/Users/moayed/Desktop/e-commerce-app/helpers/expressError.js","statementMap":{"0":{"start":{"line":9,"column":6},"end":{"line":9,"column":14}},"1":{"start":{"line":10,"column":6},"end":{"line":10,"column":29}},"2":{"start":{"line":11,"column":6},"end":{"line":11,"column":27}},"3":{"start":{"line":17,"column":2},"end":{"line":17,"column":32}}},"fnMap":{"0":{"name":"(anonymous_0)","decl":{"start":{"line":8,"column":2},"end":{"line":8,"column":3}},"loc":{"start":{"line":8,"column":31},"end":{"line":13,"column":5}},"line":8}},"branchMap":{},"s":{"0":11,"1":11,"2":11,"3":8},"f":{"0":11},"b":{},"_coverageSchema":"1a1c01bbd47fc00a2c39e90264f33305004495a9","hash":"acac9ba4adab8d8e33baf58c5ca113caf3c785df"}
,"/Users/moayed/Desktop/e-commerce-app/helpers/partialUpdate.js": {"path":"/Users/moayed/Desktop/e-commerce-app/helpers/partialUpdate.js","statementMap":{"0":{"start":{"line":18,"column":14},"end":{"line":18,"column":15}},"1":{"start":{"line":19,"column":18},"end":{"line":19,"column":20}},"2":{"start":{"line":22,"column":4},"end":{"line":26,"column":5}},"3":{"start":{"line":23,"column":6},"end":{"line":25,"column":7}},"4":{"start":{"line":24,"column":8},"end":{"line":24,"column":25}},"5":{"start":{"line":28,"column":4},"end":{"line":31,"column":5}},"6":{"start":{"line":29,"column":6},"end":{"line":29,"column":40}},"7":{"start":{"line":30,"column":6},"end":{"line":30,"column":15}},"8":{"start":{"line":34,"column":15},"end":{"line":34,"column":33}},"9":{"start":{"line":35,"column":16},"end":{"line":35,"column":78}},"10":{"start":{"line":37,"column":17},"end":{"line":37,"column":37}},"11":{"start":{"line":38,"column":4},"end":{"line":38,"column":20}},"12":{"start":{"line":40,"column":4},"end":{"line":40,"column":27}},"13":{"start":{"line":44,"column":2},"end":{"line":44,"column":39}}},"fnMap":{"0":{"name":"sqlForPartialUpdate","decl":{"start":{"line":14,"column":9},"end":{"line":14,"column":28}},"loc":{"start":{"line":14,"column":52},"end":{"line":41,"column":3}},"line":14}},"branchMap":{"0":{"loc":{"start":{"line":23,"column":6},"end":{"line":25,"column":7}},"type":"if","locations":[{"start":{"line":23,"column":6},"end":{"line":25,"column":7}},{"start":{"line":23,"column":6},"end":{"line":25,"column":7}}],"line":23}},"s":{"0":5,"1":5,"2":5,"3":7,"4":2,"5":5,"6":5,"7":5,"8":5,"9":5,"10":5,"11":5,"12":5,"13":9},"f":{"0":5},"b":{"0":[2,5]},"_coverageSchema":"1a1c01bbd47fc00a2c39e90264f33305004495a9","hash":"409389795311873af15ff666f6a2661a3be95fba"}
,"/Users/moayed/Desktop/e-commerce-app/middleware/auth.js": {"path":"/Users/moayed/Desktop/e-commerce-app/middleware/auth.js","statementMap":{"0":{"start":{"line":4,"column":12},"end":{"line":4,"column":35}},"1":{"start":{"line":5,"column":17},"end":{"line":5,"column":37}},"2":{"start":{"line":17,"column":2},"end":{"line":28,"column":3}},"3":{"start":{"line":18,"column":21},"end":{"line":18,"column":56}},"4":{"start":{"line":19,"column":16},"end":{"line":19,"column":44}},"5":{"start":{"line":20,"column":4},"end":{"line":20,"column":34}},"6":{"start":{"line":21,"column":4},"end":{"line":21,"column":18}},"7":{"start":{"line":25,"column":23},"end":{"line":25,"column":64}},"8":{"start":{"line":26,"column":4},"end":{"line":26,"column":30}},"9":{"start":{"line":27,"column":4},"end":{"line":27,"column":30}},"10":{"start":{"line":44,"column":2},"end":{"line":63,"column":3}},"11":{"start":{"line":45,"column":21},"end":{"line":45,"column":56}},"12":{"start":{"line":47,"column":16},"end":{"line":47,"column":44}},"13":{"start":{"line":48,"column":4},"end":{"line":48,"column":34}},"14":{"start":{"line":50,"column":4},"end":{"line":52,"column":5}},"15":{"start":{"line":51,"column":6},"end":{"line":51,"column":20}},"16":{"start":{"line":55,"column":4},"end":{"line":55,"column":22}},"17":{"start":{"line":59,"column":25},"end":{"line":59,"column":61}},"18":{"start":{"line":60,"column":4},"end":{"line":60,"column":30}},"19":{"start":{"line":62,"column":4},"end":{"line":62,"column":30}},"20":{"start":{"line":67,"column":0},"end":{"line":70,"column":2}}},"fnMap":{"0":{"name":"authRequired","decl":{"start":{"line":16,"column":9},"end":{"line":16,"column":21}},"loc":{"start":{"line":16,"column":38},"end":{"line":29,"column":1}},"line":16},"1":{"name":"ensureCorrectUser","decl":{"start":{"line":43,"column":9},"end":{"line":43,"column":26}},"loc":{"start":{"line":43,"column":43},"end":{"line":64,"column":1}},"line":43}},"branchMap":{"0":{"loc":{"start":{"line":18,"column":21},"end":{"line":18,"column":56}},"type":"binary-expr","locations":[{"start":{"line":18,"column":21},"end":{"line":18,"column":36}},{"start":{"line":18,"column":40},"end":{"line":18,"column":56}}],"line":18},"1":{"loc":{"start":{"line":45,"column":21},"end":{"line":45,"column":56}},"type":"binary-expr","locations":[{"start":{"line":45,"column":21},"end":{"line":45,"column":36}},{"start":{"line":45,"column":40},"end":{"line":45,"column":56}}],"line":45},"2":{"loc":{"start":{"line":50,"column":4},"end":{"line":52,"column":5}},"type":"if","locations":[{"start":{"line":50,"column":4},"end":{"line":52,"column":5}},{"start":{"line":50,"column":4},"end":{"line":52,"column":5}}],"line":50},"3":{"loc":{"start":{"line":50,"column":8},"end":{"line":50,"column":86}},"type":"binary-expr","locations":[{"start":{"line":50,"column":8},"end":{"line":50,"column":46}},{"start":{"line":50,"column":50},"end":{"line":50,"column":86}}],"line":50}},"s":{"0":4,"1":4,"2":43,"3":43,"4":43,"5":33,"6":33,"7":10,"8":10,"9":10,"10":37,"11":37,"12":37,"13":35,"14":35,"15":26,"16":9,"17":11,"18":11,"19":11,"20":4},"f":{"0":43,"1":37},"b":{"0":[43,10],"1":[37,1],"2":[26,9],"3":[35,10]},"_coverageSchema":"1a1c01bbd47fc00a2c39e90264f33305004495a9","hash":"57b5c5e40458e15266a8c47afe94d0720b4288d1"}
,"/Users/moayed/Desktop/e-commerce-app/models/cart.js": {"path":"/Users/moayed/Desktop/e-commerce-app/models/cart.js","statementMap":{"0":{"start":{"line":7,"column":11},"end":{"line":7,"column":27}},"1":{"start":{"line":8,"column":21},"end":{"line":8,"column":55}},"2":{"start":{"line":17,"column":21},"end":{"line":17,"column":50}},"3":{"start":{"line":18,"column":8},"end":{"line":27,"column":9}},"4":{"start":{"line":18,"column":29},"end":{"line":18,"column":36}},"5":{"start":{"line":20,"column":12},"end":{"line":25,"column":13}},"6":{"start":{"line":28,"column":8},"end":{"line":28,"column":40}},"7":{"start":{"line":34,"column":21},"end":{"line":34,"column":50}},"8":{"start":{"line":36,"column":22},"end":{"line":36,"column":32}},"9":{"start":{"line":37,"column":29},"end":{"line":37,"column":82}},"10":{"start":{"line":38,"column":8},"end":{"line":56,"column":9}},"11":{"start":{"line":40,"column":13},"end":{"line":45,"column":14}},"12":{"start":{"line":49,"column":12},"end":{"line":55,"column":13}},"13":{"start":{"line":57,"column":8},"end":{"line":57,"column":41}},"14":{"start":{"line":63,"column":21},"end":{"line":63,"column":50}},"15":{"start":{"line":64,"column":21},"end":{"line":64,"column":31}},"16":{"start":{"line":67,"column":29},"end":{"line":67,"column":82}},"17":{"start":{"line":70,"column":8},"end":{"line":72,"column":9}},"18":{"start":{"line":71,"column":12},"end":{"line":71,"column":86}},"19":{"start":{"line":73,"column":8},"end":{"line":93,"column":9}},"20":{"start":{"line":76,"column":13},"end":{"line":81,"column":14}},"21":{"start":{"line":86,"column":12},"end":{"line":92,"column":13}},"22":{"start":{"line":94,"column":8},"end":{"line":94,"column":52}},"23":{"start":{"line":100,"column":22},"end":{"line":103,"column":21}},"24":{"start":{"line":104,"column":8},"end":{"line":104,"column":26}},"25":{"start":{"line":112,"column":8},"end":{"line":115,"column":21}},"26":{"start":{"line":116,"column":8},"end":{"line":116,"column":41}},"27":{"start":{"line":123,"column":7},"end":{"line":131,"column":9}},"28":{"start":{"line":138,"column":0},"end":{"line":138,"column":21}}},"fnMap":{"0":{"name":"(anonymous_0)","decl":{"start":{"line":15,"column":4},"end":{"line":15,"column":5}},"loc":{"start":{"line":15,"column":35},"end":{"line":29,"column":5}},"line":15},"1":{"name":"(anonymous_1)","decl":{"start":{"line":32,"column":4},"end":{"line":32,"column":5}},"loc":{"start":{"line":32,"column":48},"end":{"line":58,"column":5}},"line":32},"2":{"name":"(anonymous_2)","decl":{"start":{"line":62,"column":4},"end":{"line":62,"column":5}},"loc":{"start":{"line":62,"column":53},"end":{"line":96,"column":5}},"line":62},"3":{"name":"(anonymous_3)","decl":{"start":{"line":99,"column":4},"end":{"line":99,"column":5}},"loc":{"start":{"line":99,"column":36},"end":{"line":105,"column":5}},"line":99},"4":{"name":"(anonymous_4)","decl":{"start":{"line":111,"column":4},"end":{"line":111,"column":5}},"loc":{"start":{"line":111,"column":38},"end":{"line":118,"column":5}},"line":111},"5":{"name":"(anonymous_5)","decl":{"start":{"line":120,"column":4},"end":{"line":120,"column":5}},"loc":{"start":{"line":120,"column":60},"end":{"line":132,"column":5}},"line":120}},"branchMap":{"0":{"loc":{"start":{"line":18,"column":8},"end":{"line":27,"column":9}},"type":"if","locations":[{"start":{"line":18,"column":8},"end":{"line":27,"column":9}},{"start":{"line":18,"column":8},"end":{"line":27,"column":9}}],"line":18},"1":{"loc":{"start":{"line":38,"column":8},"end":{"line":56,"column":9}},"type":"if","locations":[{"start":{"line":38,"column":8},"end":{"line":56,"column":9}},{"start":{"line":38,"column":8},"end":{"line":56,"column":9}}],"line":38},"2":{"loc":{"start":{"line":70,"column":8},"end":{"line":72,"column":9}},"type":"if","locations":[{"start":{"line":70,"column":8},"end":{"line":72,"column":9}},{"start":{"line":70,"column":8},"end":{"line":72,"column":9}}],"line":70},"3":{"loc":{"start":{"line":73,"column":8},"end":{"line":93,"column":9}},"type":"if","locations":[{"start":{"line":73,"column":8},"end":{"line":93,"column":9}},{"start":{"line":73,"column":8},"end":{"line":93,"column":9}}],"line":73}},"s":{"0":8,"1":8,"2":37,"3":37,"4":0,"5":37,"6":37,"7":15,"8":15,"9":15,"10":15,"11":15,"12":0,"13":15,"14":4,"15":4,"16":4,"17":4,"18":2,"19":2,"20":2,"21":0,"22":2,"23":65,"24":65,"25":2,"26":2,"27":19,"28":8},"f":{"0":37,"1":15,"2":4,"3":65,"4":2,"5":19},"b":{"0":[0,37],"1":[15,0],"2":[2,2],"3":[2,0]},"_coverageSchema":"1a1c01bbd47fc00a2c39e90264f33305004495a9","hash":"6dcdd513d30bcedca796a9c8345ad213527b8806"}
,"/Users/moayed/Desktop/e-commerce-app/models/order.js": {"path":"/Users/moayed/Desktop/e-commerce-app/models/order.js","statementMap":{"0":{"start":{"line":8,"column":11},"end":{"line":8,"column":27}},"1":{"start":{"line":9,"column":21},"end":{"line":9,"column":55}},"2":{"start":{"line":10,"column":13},"end":{"line":10,"column":30}},"3":{"start":{"line":17,"column":23},"end":{"line":21,"column":21}},"4":{"start":{"line":22,"column":12},"end":{"line":22,"column":89}},"5":{"start":{"line":22,"column":24},"end":{"line":22,"column":89}},"6":{"start":{"line":24,"column":27},"end":{"line":24,"column":41}},"7":{"start":{"line":27,"column":27},"end":{"line":27,"column":56}},"8":{"start":{"line":29,"column":8},"end":{"line":29,"column":88}},"9":{"start":{"line":29,"column":24},"end":{"line":29,"column":88}},"10":{"start":{"line":31,"column":24},"end":{"line":31,"column":40}},"11":{"start":{"line":33,"column":8},"end":{"line":33,"column":56}},"12":{"start":{"line":39,"column":22},"end":{"line":43,"column":21}},"13":{"start":{"line":45,"column":8},"end":{"line":45,"column":107}},"14":{"start":{"line":45,"column":35},"end":{"line":45,"column":107}},"15":{"start":{"line":47,"column":8},"end":{"line":51,"column":31}},"16":{"start":{"line":54,"column":8},"end":{"line":58,"column":27}},"17":{"start":{"line":59,"column":8},"end":{"line":59,"column":44}},"18":{"start":{"line":66,"column":23},"end":{"line":72,"column":22}},"19":{"start":{"line":74,"column":8},"end":{"line":74,"column":26}},"20":{"start":{"line":78,"column":8},"end":{"line":81,"column":22}},"21":{"start":{"line":82,"column":8},"end":{"line":82,"column":44}},"22":{"start":{"line":90,"column":0},"end":{"line":90,"column":22}}},"fnMap":{"0":{"name":"(anonymous_0)","decl":{"start":{"line":14,"column":4},"end":{"line":14,"column":5}},"loc":{"start":{"line":14,"column":38},"end":{"line":35,"column":5}},"line":14},"1":{"name":"(anonymous_1)","decl":{"start":{"line":38,"column":4},"end":{"line":38,"column":5}},"loc":{"start":{"line":38,"column":48},"end":{"line":60,"column":5}},"line":38},"2":{"name":"(anonymous_2)","decl":{"start":{"line":63,"column":4},"end":{"line":63,"column":5}},"loc":{"start":{"line":63,"column":36},"end":{"line":75,"column":5}},"line":63},"3":{"name":"(anonymous_3)","decl":{"start":{"line":77,"column":4},"end":{"line":77,"column":5}},"loc":{"start":{"line":77,"column":39},"end":{"line":84,"column":5}},"line":77}},"branchMap":{"0":{"loc":{"start":{"line":22,"column":12},"end":{"line":22,"column":89}},"type":"if","locations":[{"start":{"line":22,"column":12},"end":{"line":22,"column":89}},{"start":{"line":22,"column":12},"end":{"line":22,"column":89}}],"line":22},"1":{"loc":{"start":{"line":29,"column":8},"end":{"line":29,"column":88}},"type":"if","locations":[{"start":{"line":29,"column":8},"end":{"line":29,"column":88}},{"start":{"line":29,"column":8},"end":{"line":29,"column":88}}],"line":29},"2":{"loc":{"start":{"line":45,"column":8},"end":{"line":45,"column":107}},"type":"if","locations":[{"start":{"line":45,"column":8},"end":{"line":45,"column":107}},{"start":{"line":45,"column":8},"end":{"line":45,"column":107}}],"line":45}},"s":{"0":5,"1":5,"2":5,"3":9,"4":9,"5":0,"6":9,"7":9,"8":9,"9":0,"10":9,"11":9,"12":9,"13":9,"14":1,"15":8,"16":8,"17":8,"18":3,"19":3,"20":2,"21":2,"22":5},"f":{"0":9,"1":9,"2":3,"3":2},"b":{"0":[0,9],"1":[0,9],"2":[1,8]},"_coverageSchema":"1a1c01bbd47fc00a2c39e90264f33305004495a9","hash":"9ddf4fa48a28c2149e47a98aa05b78a0dda8a902"}
,"/Users/moayed/Desktop/e-commerce-app/models/user.js": {"path":"/Users/moayed/Desktop/e-commerce-app/models/user.js","statementMap":{"0":{"start":{"line":4,"column":11},"end":{"line":4,"column":27}},"1":{"start":{"line":5,"column":15},"end":{"line":5,"column":32}},"2":{"start":{"line":6,"column":22},"end":{"line":6,"column":57}},"3":{"start":{"line":7,"column":21},"end":{"line":7,"column":55}},"4":{"start":{"line":8,"column":13},"end":{"line":8,"column":30}},"5":{"start":{"line":10,"column":27},"end":{"line":10,"column":29}},"6":{"start":{"line":19,"column":19},"end":{"line":25,"column":5}},"7":{"start":{"line":27,"column":17},"end":{"line":27,"column":31}},"8":{"start":{"line":29,"column":4},"end":{"line":41,"column":5}},"9":{"start":{"line":31,"column":22},"end":{"line":31,"column":72}},"10":{"start":{"line":32,"column":6},"end":{"line":40,"column":7}},"11":{"start":{"line":33,"column":8},"end":{"line":33,"column":60}},"12":{"start":{"line":38,"column":8},"end":{"line":38,"column":36}},"13":{"start":{"line":39,"column":8},"end":{"line":39,"column":20}},"14":{"start":{"line":50,"column":29},"end":{"line":55,"column":5}},"15":{"start":{"line":57,"column":6},"end":{"line":60,"column":5}},"16":{"start":{"line":58,"column":7},"end":{"line":58,"column":99}},"17":{"start":{"line":62,"column":27},"end":{"line":62,"column":79}},"18":{"start":{"line":64,"column":19},"end":{"line":76,"column":10}},"19":{"start":{"line":78,"column":6},"end":{"line":78,"column":28}},"20":{"start":{"line":89,"column":19},"end":{"line":92,"column":29}},"21":{"start":{"line":94,"column":4},"end":{"line":94,"column":23}},"22":{"start":{"line":101,"column":20},"end":{"line":105,"column":19}},"23":{"start":{"line":107,"column":17},"end":{"line":107,"column":32}},"24":{"start":{"line":109,"column":4},"end":{"line":112,"column":5}},"25":{"start":{"line":111,"column":6},"end":{"line":111,"column":70}},"26":{"start":{"line":114,"column":4},"end":{"line":114,"column":16}},"27":{"start":{"line":122,"column":4},"end":{"line":124,"column":5}},"28":{"start":{"line":123,"column":6},"end":{"line":123,"column":75}},"29":{"start":{"line":126,"column":26},"end":{"line":131,"column":5}},"30":{"start":{"line":133,"column":19},"end":{"line":133,"column":48}},"31":{"start":{"line":134,"column":17},"end":{"line":134,"column":31}},"32":{"start":{"line":136,"column":4},"end":{"line":138,"column":5}},"33":{"start":{"line":137,"column":6},"end":{"line":137,"column":70}},"34":{"start":{"line":140,"column":4},"end":{"line":140,"column":25}},"35":{"start":{"line":142,"column":4},"end":{"line":142,"column":16}},"36":{"start":{"line":149,"column":17},"end":{"line":153,"column":23}},"37":{"start":{"line":155,"column":2},"end":{"line":157,"column":3}},"38":{"start":{"line":156,"column":4},"end":{"line":156,"column":68}},"39":{"start":{"line":158,"column":4},"end":{"line":158,"column":25}},"40":{"start":{"line":164,"column":0},"end":{"line":164,"column":22}}},"fnMap":{"0":{"name":"(anonymous_0)","decl":{"start":{"line":17,"column":2},"end":{"line":17,"column":3}},"loc":{"start":{"line":17,"column":34},"end":{"line":43,"column":3}},"line":17},"1":{"name":"(anonymous_1)","decl":{"start":{"line":48,"column":2},"end":{"line":48,"column":3}},"loc":{"start":{"line":48,"column":30},"end":{"line":83,"column":3}},"line":48},"2":{"name":"(anonymous_2)","decl":{"start":{"line":88,"column":2},"end":{"line":88,"column":3}},"loc":{"start":{"line":88,"column":25},"end":{"line":95,"column":3}},"line":88},"3":{"name":"(anonymous_3)","decl":{"start":{"line":100,"column":2},"end":{"line":100,"column":3}},"loc":{"start":{"line":100,"column":33},"end":{"line":115,"column":3}},"line":100},"4":{"name":"(anonymous_4)","decl":{"start":{"line":120,"column":2},"end":{"line":120,"column":3}},"loc":{"start":{"line":120,"column":38},"end":{"line":143,"column":3}},"line":120},"5":{"name":"(anonymous_5)","decl":{"start":{"line":148,"column":2},"end":{"line":148,"column":3}},"loc":{"start":{"line":148,"column":32},"end":{"line":159,"column":1}},"line":148}},"branchMap":{"0":{"loc":{"start":{"line":29,"column":4},"end":{"line":41,"column":5}},"type":"if","locations":[{"start":{"line":29,"column":4},"end":{"line":41,"column":5}},{"start":{"line":29,"column":4},"end":{"line":41,"column":5}}],"line":29},"1":{"loc":{"start":{"line":32,"column":6},"end":{"line":40,"column":7}},"type":"if","locations":[{"start":{"line":32,"column":6},"end":{"line":40,"column":7}},{"start":{"line":32,"column":6},"end":{"line":40,"column":7}}],"line":32},"2":{"loc":{"start":{"line":57,"column":6},"end":{"line":60,"column":5}},"type":"if","locations":[{"start":{"line":57,"column":6},"end":{"line":60,"column":5}},{"start":{"line":57,"column":6},"end":{"line":60,"column":5}}],"line":57},"3":{"loc":{"start":{"line":109,"column":4},"end":{"line":112,"column":5}},"type":"if","locations":[{"start":{"line":109,"column":4},"end":{"line":112,"column":5}},{"start":{"line":109,"column":4},"end":{"line":112,"column":5}}],"line":109},"4":{"loc":{"start":{"line":122,"column":4},"end":{"line":124,"column":5}},"type":"if","locations":[{"start":{"line":122,"column":4},"end":{"line":124,"column":5}},{"start":{"line":122,"column":4},"end":{"line":124,"column":5}}],"line":122},"5":{"loc":{"start":{"line":136,"column":4},"end":{"line":138,"column":5}},"type":"if","locations":[{"start":{"line":136,"column":4},"end":{"line":138,"column":5}},{"start":{"line":136,"column":4},"end":{"line":138,"column":5}}],"line":136},"6":{"loc":{"start":{"line":155,"column":2},"end":{"line":157,"column":3}},"type":"if","locations":[{"start":{"line":155,"column":2},"end":{"line":157,"column":3}},{"start":{"line":155,"column":2},"end":{"line":157,"column":3}}],"line":155}},"s":{"0":8,"1":8,"2":8,"3":8,"4":8,"5":8,"6":29,"7":29,"8":29,"9":29,"10":29,"11":1,"12":28,"13":28,"14":90,"15":90,"16":1,"17":89,"18":89,"19":89,"20":1,"21":1,"22":36,"23":36,"24":36,"25":1,"26":35,"27":4,"28":1,"29":4,"30":4,"31":4,"32":4,"33":1,"34":3,"35":3,"36":3,"37":3,"38":1,"39":2,"40":8},"f":{"0":29,"1":90,"2":1,"3":36,"4":4,"5":3},"b":{"0":[29,0],"1":[1,28],"2":[1,89],"3":[1,35],"4":[1,3],"5":[1,3],"6":[1,2]},"_coverageSchema":"1a1c01bbd47fc00a2c39e90264f33305004495a9","hash":"5953c9ce9faffb18e99494d46254bb81e98af1e3"}
,"/Users/moayed/Desktop/e-commerce-app/models/wishlist.js": {"path":"/Users/moayed/Desktop/e-commerce-app/models/wishlist.js","statementMap":{"0":{"start":{"line":8,"column":11},"end":{"line":8,"column":27}},"1":{"start":{"line":9,"column":21},"end":{"line":9,"column":55}},"2":{"start":{"line":17,"column":8},"end":{"line":21,"column":33}},"3":{"start":{"line":22,"column":8},"end":{"line":22,"column":52}},"4":{"start":{"line":30,"column":22},"end":{"line":33,"column":33}},"5":{"start":{"line":36,"column":8},"end":{"line":46,"column":9}},"6":{"start":{"line":36,"column":36},"end":{"line":36,"column":112}},"7":{"start":{"line":39,"column":12},"end":{"line":42,"column":37}},"8":{"start":{"line":44,"column":12},"end":{"line":44,"column":70}},"9":{"start":{"line":53,"column":0},"end":{"line":53,"column":25}}},"fnMap":{"0":{"name":"(anonymous_0)","decl":{"start":{"line":15,"column":4},"end":{"line":15,"column":5}},"loc":{"start":{"line":15,"column":52},"end":{"line":24,"column":5}},"line":15},"1":{"name":"(anonymous_1)","decl":{"start":{"line":28,"column":4},"end":{"line":28,"column":5}},"loc":{"start":{"line":28,"column":57},"end":{"line":47,"column":5}},"line":28}},"branchMap":{"0":{"loc":{"start":{"line":36,"column":8},"end":{"line":46,"column":9}},"type":"if","locations":[{"start":{"line":36,"column":8},"end":{"line":46,"column":9}},{"start":{"line":36,"column":8},"end":{"line":46,"column":9}}],"line":36}},"s":{"0":5,"1":5,"2":4,"3":4,"4":4,"5":4,"6":2,"7":2,"8":2,"9":5},"f":{"0":4,"1":4},"b":{"0":[2,2]},"_coverageSchema":"1a1c01bbd47fc00a2c39e90264f33305004495a9","hash":"54292ee1b8871a8435c5a8abfce0b67dd928b789"}
,"/Users/moayed/Desktop/e-commerce-app/routes/auth.js": {"path":"/Users/moayed/Desktop/e-commerce-app/routes/auth.js","statementMap":{"0":{"start":{"line":6,"column":16},"end":{"line":6,"column":34}},"1":{"start":{"line":7,"column":15},"end":{"line":7,"column":31}},"2":{"start":{"line":8,"column":13},"end":{"line":8,"column":38}},"3":{"start":{"line":9,"column":20},"end":{"line":9,"column":53}},"4":{"start":{"line":11,"column":0},"end":{"line":25,"column":3}},"5":{"start":{"line":12,"column":4},"end":{"line":24,"column":5}},"6":{"start":{"line":13,"column":19},"end":{"line":13,"column":52}},"7":{"start":{"line":15,"column":6},"end":{"line":21,"column":7}},"8":{"start":{"line":16,"column":22},"end":{"line":16,"column":39}},"9":{"start":{"line":17,"column":8},"end":{"line":17,"column":27}},"10":{"start":{"line":18,"column":8},"end":{"line":18,"column":42}},"11":{"start":{"line":20,"column":8},"end":{"line":20,"column":67}},"12":{"start":{"line":23,"column":6},"end":{"line":23,"column":21}},"13":{"start":{"line":29,"column":2},"end":{"line":29,"column":26}}},"fnMap":{"0":{"name":"(anonymous_0)","decl":{"start":{"line":11,"column":22},"end":{"line":11,"column":23}},"loc":{"start":{"line":11,"column":54},"end":{"line":25,"column":1}},"line":11}},"branchMap":{"0":{"loc":{"start":{"line":15,"column":6},"end":{"line":21,"column":7}},"type":"if","locations":[{"start":{"line":15,"column":6},"end":{"line":21,"column":7}},{"start":{"line":15,"column":6},"end":{"line":21,"column":7}}],"line":15}},"s":{"0":4,"1":4,"2":4,"3":4,"4":4,"5":27,"6":27,"7":27,"8":27,"9":27,"10":27,"11":0,"12":0,"13":4},"f":{"0":27},"b":{"0":[27,0]},"_coverageSchema":"1a1c01bbd47fc00a2c39e90264f33305004495a9","hash":"055f9e64a9d5a9d5ca8dd6b2d6f7f4c52f162470"}
,"/Users/moayed/Desktop/e-commerce-app/routes/carts.js": {"path":"/Users/moayed/Desktop/e-commerce-app/routes/carts.js","statementMap":{"0":{"start":{"line":5,"column":16},"end":{"line":5,"column":34}},"1":{"start":{"line":6,"column":15},"end":{"line":6,"column":31}},"2":{"start":{"line":8,"column":44},"end":{"line":8,"column":73}},"3":{"start":{"line":10,"column":13},"end":{"line":10,"column":38}},"4":{"start":{"line":11,"column":13},"end":{"line":11,"column":38}},"5":{"start":{"line":18,"column":0},"end":{"line":30,"column":2}},"6":{"start":{"line":19,"column":4},"end":{"line":28,"column":5}},"7":{"start":{"line":20,"column":23},"end":{"line":20,"column":62}},"8":{"start":{"line":22,"column":8},"end":{"line":22,"column":40}},"9":{"start":{"line":23,"column":9},"end":{"line":23,"column":45}},"10":{"start":{"line":24,"column":8},"end":{"line":24,"column":48}},"11":{"start":{"line":27,"column":8},"end":{"line":27,"column":22}},"12":{"start":{"line":33,"column":0},"end":{"line":46,"column":2}},"13":{"start":{"line":34,"column":4},"end":{"line":44,"column":5}},"14":{"start":{"line":35,"column":21},"end":{"line":35,"column":60}},"15":{"start":{"line":37,"column":8},"end":{"line":37,"column":40}},"16":{"start":{"line":39,"column":21},"end":{"line":39,"column":62}},"17":{"start":{"line":40,"column":8},"end":{"line":40,"column":72}},"18":{"start":{"line":43,"column":8},"end":{"line":43,"column":22}},"19":{"start":{"line":49,"column":0},"end":{"line":60,"column":2}},"20":{"start":{"line":50,"column":4},"end":{"line":58,"column":5}},"21":{"start":{"line":51,"column":21},"end":{"line":51,"column":60}},"22":{"start":{"line":53,"column":8},"end":{"line":53,"column":34}},"23":{"start":{"line":54,"column":8},"end":{"line":54,"column":52}},"24":{"start":{"line":57,"column":8},"end":{"line":57,"column":22}},"25":{"start":{"line":63,"column":0},"end":{"line":63,"column":23}}},"fnMap":{"0":{"name":"(anonymous_0)","decl":{"start":{"line":18,"column":63},"end":{"line":18,"column":64}},"loc":{"start":{"line":18,"column":89},"end":{"line":30,"column":1}},"line":18},"1":{"name":"(anonymous_1)","decl":{"start":{"line":33,"column":68},"end":{"line":33,"column":69}},"loc":{"start":{"line":33,"column":94},"end":{"line":46,"column":1}},"line":33},"2":{"name":"(anonymous_2)","decl":{"start":{"line":49,"column":75},"end":{"line":49,"column":76}},"loc":{"start":{"line":49,"column":101},"end":{"line":60,"column":1}},"line":49}},"branchMap":{},"s":{"0":4,"1":4,"2":4,"3":4,"4":4,"5":4,"6":8,"7":8,"8":8,"9":8,"10":8,"11":0,"12":4,"13":2,"14":2,"15":2,"16":2,"17":2,"18":0,"19":4,"20":1,"21":1,"22":1,"23":1,"24":0,"25":4},"f":{"0":8,"1":2,"2":1},"b":{},"_coverageSchema":"1a1c01bbd47fc00a2c39e90264f33305004495a9","hash":"7de7d1cf10b9f458d276ccdeb0b19a1e8558d7e1"}
,"/Users/moayed/Desktop/e-commerce-app/routes/orders.js": {"path":"/Users/moayed/Desktop/e-commerce-app/routes/orders.js","statementMap":{"0":{"start":{"line":7,"column":16},"end":{"line":7,"column":34}},"1":{"start":{"line":8,"column":15},"end":{"line":8,"column":31}},"2":{"start":{"line":10,"column":44},"end":{"line":10,"column":73}},"3":{"start":{"line":12,"column":13},"end":{"line":12,"column":38}},"4":{"start":{"line":13,"column":14},"end":{"line":13,"column":40}},"5":{"start":{"line":19,"column":0},"end":{"line":32,"column":2}},"6":{"start":{"line":21,"column":4},"end":{"line":28,"column":5}},"7":{"start":{"line":22,"column":23},"end":{"line":22,"column":62}},"8":{"start":{"line":23,"column":8},"end":{"line":23,"column":35}},"9":{"start":{"line":24,"column":8},"end":{"line":24,"column":53}},"10":{"start":{"line":27,"column":8},"end":{"line":27,"column":22}},"11":{"start":{"line":38,"column":0},"end":{"line":52,"column":2}},"12":{"start":{"line":40,"column":4},"end":{"line":48,"column":5}},"13":{"start":{"line":41,"column":23},"end":{"line":41,"column":60}},"14":{"start":{"line":42,"column":23},"end":{"line":42,"column":48}},"15":{"start":{"line":43,"column":8},"end":{"line":43,"column":31}},"16":{"start":{"line":46,"column":8},"end":{"line":46,"column":22}},"17":{"start":{"line":47,"column":8},"end":{"line":47,"column":22}},"18":{"start":{"line":56,"column":0},"end":{"line":70,"column":2}},"19":{"start":{"line":58,"column":4},"end":{"line":66,"column":5}},"20":{"start":{"line":60,"column":25},"end":{"line":60,"column":47}},"21":{"start":{"line":61,"column":8},"end":{"line":61,"column":41}},"22":{"start":{"line":62,"column":8},"end":{"line":62,"column":50}},"23":{"start":{"line":65,"column":8},"end":{"line":65,"column":22}},"24":{"start":{"line":73,"column":0},"end":{"line":73,"column":23}}},"fnMap":{"0":{"name":"(anonymous_0)","decl":{"start":{"line":19,"column":65},"end":{"line":19,"column":66}},"loc":{"start":{"line":19,"column":91},"end":{"line":32,"column":1}},"line":19},"1":{"name":"(anonymous_1)","decl":{"start":{"line":38,"column":50},"end":{"line":38,"column":51}},"loc":{"start":{"line":38,"column":76},"end":{"line":52,"column":1}},"line":38},"2":{"name":"(anonymous_2)","decl":{"start":{"line":56,"column":62},"end":{"line":56,"column":63}},"loc":{"start":{"line":56,"column":88},"end":{"line":70,"column":1}},"line":56}},"branchMap":{"0":{"loc":{"start":{"line":60,"column":25},"end":{"line":60,"column":47}},"type":"binary-expr","locations":[{"start":{"line":60,"column":25},"end":{"line":60,"column":26}},{"start":{"line":60,"column":30},"end":{"line":60,"column":47}}],"line":60}},"s":{"0":4,"1":4,"2":4,"3":4,"4":4,"5":4,"6":5,"7":5,"8":5,"9":5,"10":0,"11":4,"12":1,"13":1,"14":1,"15":1,"16":0,"17":0,"18":4,"19":1,"20":1,"21":1,"22":1,"23":0,"24":4},"f":{"0":5,"1":1,"2":1},"b":{"0":[1,0]},"_coverageSchema":"1a1c01bbd47fc00a2c39e90264f33305004495a9","hash":"4984517975201d6b46f6f878e2488d36cad47cc8"}
,"/Users/moayed/Desktop/e-commerce-app/routes/users.js": {"path":"/Users/moayed/Desktop/e-commerce-app/routes/users.js","statementMap":{"0":{"start":{"line":5,"column":16},"end":{"line":5,"column":34}},"1":{"start":{"line":6,"column":15},"end":{"line":6,"column":31}},"2":{"start":{"line":8,"column":44},"end":{"line":8,"column":73}},"3":{"start":{"line":10,"column":13},"end":{"line":10,"column":38}},"4":{"start":{"line":12,"column":41},"end":{"line":12,"column":74}},"5":{"start":{"line":14,"column":20},"end":{"line":14,"column":53}},"6":{"start":{"line":17,"column":0},"end":{"line":24,"column":3}},"7":{"start":{"line":18,"column":4},"end":{"line":23,"column":5}},"8":{"start":{"line":19,"column":20},"end":{"line":19,"column":40}},"9":{"start":{"line":20,"column":6},"end":{"line":20,"column":33}},"10":{"start":{"line":22,"column":6},"end":{"line":22,"column":23}},"11":{"start":{"line":30,"column":0},"end":{"line":37,"column":3}},"12":{"start":{"line":31,"column":4},"end":{"line":36,"column":5}},"13":{"start":{"line":32,"column":19},"end":{"line":32,"column":58}},"14":{"start":{"line":33,"column":6},"end":{"line":33,"column":32}},"15":{"start":{"line":35,"column":6},"end":{"line":35,"column":23}},"16":{"start":{"line":41,"column":0},"end":{"line":62,"column":2}},"17":{"start":{"line":43,"column":22},"end":{"line":43,"column":53}},"18":{"start":{"line":44,"column":4},"end":{"line":44,"column":66}},"19":{"start":{"line":44,"column":15},"end":{"line":44,"column":66}},"20":{"start":{"line":46,"column":2},"end":{"line":60,"column":5}},"21":{"start":{"line":48,"column":20},"end":{"line":48,"column":49}},"22":{"start":{"line":49,"column":4},"end":{"line":56,"column":5}},"23":{"start":{"line":50,"column":6},"end":{"line":50,"column":71}},"24":{"start":{"line":52,"column":20},"end":{"line":52,"column":40}},"25":{"start":{"line":53,"column":6},"end":{"line":53,"column":28}},"26":{"start":{"line":54,"column":6},"end":{"line":54,"column":50}},"27":{"start":{"line":59,"column":8},"end":{"line":59,"column":22}},"28":{"start":{"line":68,"column":0},"end":{"line":87,"column":5}},"29":{"start":{"line":69,"column":2},"end":{"line":86,"column":5}},"30":{"start":{"line":72,"column":24},"end":{"line":72,"column":59}},"31":{"start":{"line":73,"column":6},"end":{"line":78,"column":7}},"32":{"start":{"line":74,"column":8},"end":{"line":77,"column":11}},"33":{"start":{"line":80,"column":19},"end":{"line":80,"column":67}},"34":{"start":{"line":83,"column":6},"end":{"line":83,"column":35}},"35":{"start":{"line":85,"column":6},"end":{"line":85,"column":23}},"36":{"start":{"line":92,"column":0},"end":{"line":99,"column":5}},"37":{"start":{"line":93,"column":4},"end":{"line":98,"column":5}},"38":{"start":{"line":94,"column":6},"end":{"line":94,"column":45}},"39":{"start":{"line":95,"column":6},"end":{"line":95,"column":51}},"40":{"start":{"line":97,"column":6},"end":{"line":97,"column":23}},"41":{"start":{"line":102,"column":0},"end":{"line":102,"column":24}}},"fnMap":{"0":{"name":"(anonymous_0)","decl":{"start":{"line":17,"column":30},"end":{"line":17,"column":31}},"loc":{"start":{"line":17,"column":61},"end":{"line":24,"column":1}},"line":17},"1":{"name":"(anonymous_1)","decl":{"start":{"line":30,"column":39},"end":{"line":30,"column":40}},"loc":{"start":{"line":30,"column":70},"end":{"line":37,"column":1}},"line":30},"2":{"name":"(anonymous_2)","decl":{"start":{"line":41,"column":23},"end":{"line":41,"column":24}},"loc":{"start":{"line":41,"column":49},"end":{"line":62,"column":1}},"line":41},"3":{"name":"(anonymous_3)","decl":{"start":{"line":68,"column":46},"end":{"line":68,"column":47}},"loc":{"start":{"line":68,"column":77},"end":{"line":87,"column":3}},"line":68},"4":{"name":"(anonymous_4)","decl":{"start":{"line":92,"column":47},"end":{"line":92,"column":48}},"loc":{"start":{"line":92,"column":78},"end":{"line":99,"column":3}},"line":92}},"branchMap":{"0":{"loc":{"start":{"line":44,"column":4},"end":{"line":44,"column":66}},"type":"if","locations":[{"start":{"line":44,"column":4},"end":{"line":44,"column":66}},{"start":{"line":44,"column":4},"end":{"line":44,"column":66}}],"line":44},"1":{"loc":{"start":{"line":49,"column":4},"end":{"line":56,"column":5}},"type":"if","locations":[{"start":{"line":49,"column":4},"end":{"line":56,"column":5}},{"start":{"line":49,"column":4},"end":{"line":56,"column":5}}],"line":49},"2":{"loc":{"start":{"line":73,"column":6},"end":{"line":78,"column":7}},"type":"if","locations":[{"start":{"line":73,"column":6},"end":{"line":78,"column":7}},{"start":{"line":73,"column":6},"end":{"line":78,"column":7}}],"line":73}},"s":{"0":4,"1":4,"2":4,"3":4,"4":4,"5":4,"6":4,"7":1,"8":1,"9":1,"10":0,"11":4,"12":1,"13":1,"14":1,"15":0,"16":4,"17":1,"18":1,"19":0,"20":1,"21":1,"22":1,"23":0,"24":1,"25":1,"26":1,"27":0,"28":4,"29":3,"30":3,"31":3,"32":1,"33":2,"34":2,"35":0,"36":4,"37":1,"38":1,"39":1,"40":0,"41":4},"f":{"0":1,"1":1,"2":1,"3":3,"4":1},"b":{"0":[0,1],"1":[0,1],"2":[1,2]},"_coverageSchema":"1a1c01bbd47fc00a2c39e90264f33305004495a9","hash":"0583f5de579c25edcf876d2ac649f40b6410b603"}
,"/Users/moayed/Desktop/e-commerce-app/routes/wishlists.js": {"path":"/Users/moayed/Desktop/e-commerce-app/routes/wishlists.js","statementMap":{"0":{"start":{"line":9,"column":16},"end":{"line":9,"column":34}},"1":{"start":{"line":10,"column":15},"end":{"line":10,"column":31}},"2":{"start":{"line":12,"column":44},"end":{"line":12,"column":73}},"3":{"start":{"line":14,"column":17},"end":{"line":14,"column":46}},"4":{"start":{"line":15,"column":13},"end":{"line":15,"column":38}},"5":{"start":{"line":21,"column":0},"end":{"line":32,"column":2}},"6":{"start":{"line":22,"column":4},"end":{"line":30,"column":5}},"7":{"start":{"line":23,"column":23},"end":{"line":23,"column":62}},"8":{"start":{"line":24,"column":27},"end":{"line":24,"column":46}},"9":{"start":{"line":25,"column":9},"end":{"line":25,"column":53}},"10":{"start":{"line":26,"column":8},"end":{"line":26,"column":60}},"11":{"start":{"line":29,"column":8},"end":{"line":29,"column":22}},"12":{"start":{"line":35,"column":0},"end":{"line":47,"column":2}},"13":{"start":{"line":36,"column":4},"end":{"line":45,"column":5}},"14":{"start":{"line":37,"column":21},"end":{"line":37,"column":60}},"15":{"start":{"line":38,"column":31},"end":{"line":38,"column":50}},"16":{"start":{"line":39,"column":21},"end":{"line":39,"column":70}},"17":{"start":{"line":40,"column":8},"end":{"line":40,"column":50}},"18":{"start":{"line":41,"column":8},"end":{"line":41,"column":72}},"19":{"start":{"line":44,"column":8},"end":{"line":44,"column":22}},"20":{"start":{"line":50,"column":0},"end":{"line":50,"column":24}}},"fnMap":{"0":{"name":"(anonymous_0)","decl":{"start":{"line":21,"column":62},"end":{"line":21,"column":63}},"loc":{"start":{"line":21,"column":88},"end":{"line":32,"column":1}},"line":21},"1":{"name":"(anonymous_1)","decl":{"start":{"line":35,"column":68},"end":{"line":35,"column":69}},"loc":{"start":{"line":35,"column":94},"end":{"line":47,"column":1}},"line":35}},"branchMap":{},"s":{"0":4,"1":4,"2":4,"3":4,"4":4,"5":4,"6":2,"7":2,"8":2,"9":2,"10":2,"11":0,"12":4,"13":2,"14":2,"15":2,"16":2,"17":2,"18":2,"19":0,"20":4},"f":{"0":2,"1":2},"b":{},"_coverageSchema":"1a1c01bbd47fc00a2c39e90264f33305004495a9","hash":"bb06e6bc9dc3ea91c2d6eaac040940aa407e7f0c"}
,"/Users/moayed/Desktop/e-commerce-app/schemas/userSchemas.js": {"path":"/Users/moayed/Desktop/e-commerce-app/schemas/userSchemas.js","statementMap":{"0":{"start":{"line":4,"column":12},"end":{"line":4,"column":26}},"1":{"start":{"line":6,"column":21},"end":{"line":13,"column":2}},"2":{"start":{"line":14,"column":25},"end":{"line":22,"column":2}},"3":{"start":{"line":24,"column":0},"end":{"line":24,"column":49}}},"fnMap":{},"branchMap":{},"s":{"0":4,"1":4,"2":4,"3":4},"f":{},"b":{},"_coverageSchema":"1a1c01bbd47fc00a2c39e90264f33305004495a9","hash":"1b931efdddd61e303ebaf25d937cd602d2d93a81"}
}
