TN:
SF:app.js
FN:39,(anonymous_0)
FN:46,(anonymous_1)
FNF:2
FNH:2
FNDA:1,(anonymous_0)
FNDA:23,(anonymous_1)
DA:8,4
DA:9,4
DA:10,4
DA:12,4
DA:13,4
DA:14,4
DA:19,4
DA:20,4
DA:22,4
DA:23,4
DA:25,4
DA:26,4
DA:28,4
DA:29,4
DA:31,4
DA:32,4
DA:39,4
DA:40,1
DA:41,1
DA:46,4
DA:47,23
DA:49,23
DA:56,4
LF:23
LH:23
BRDA:47,0,0,23
BRDA:47,0,1,0
BRF:2
BRH:1
end_of_record
TN:
SF:config.js
FNF:0
FNH:0
DA:4,8
DA:6,8
DA:8,8
DA:14,8
DA:15,8
DA:17,0
DA:20,8
DA:22,8
LF:8
LH:7
BRDA:6,0,0,8
BRDA:6,0,1,0
BRDA:8,1,0,8
BRDA:8,1,1,8
BRDA:14,2,0,8
BRDA:14,2,1,0
BRDA:17,3,0,0
BRDA:17,3,1,0
BRF:8
BRH:4
end_of_record
TN:
SF:db.js
FNF:0
FNH:0
DA:4,8
DA:5,8
DA:7,8
DA:11,8
DA:14,8
LF:5
LH:5
BRF:0
BRH:0
end_of_record
TN:
SF:helpers/createToken.js
FN:7,createToken
FNF:1
FNH:1
FNDA:28,createToken
DA:1,4
DA:2,4
DA:8,28
DA:12,28
DA:16,4
LF:5
LH:5
BRF:0
BRH:0
end_of_record
TN:
SF:helpers/expressError.js
FN:8,(anonymous_0)
FNF:1
FNH:1
FNDA:11,(anonymous_0)
DA:9,11
DA:10,11
DA:11,11
DA:17,8
LF:4
LH:4
BRF:0
BRH:0
end_of_record
TN:
SF:helpers/partialUpdate.js
FN:14,sqlForPartialUpdate
FNF:1
FNH:1
FNDA:5,sqlForPartialUpdate
DA:18,5
DA:19,5
DA:22,5
DA:23,7
DA:24,2
DA:28,5
DA:29,5
DA:30,5
DA:34,5
DA:35,5
DA:37,5
DA:38,5
DA:40,5
DA:44,9
LF:14
LH:14
BRDA:23,0,0,2
BRDA:23,0,1,5
BRF:2
BRH:2
end_of_record
TN:
SF:middleware/auth.js
FN:16,authRequired
FN:43,ensureCorrectUser
FNF:2
FNH:2
FNDA:43,authRequired
FNDA:37,ensureCorrectUser
DA:4,4
DA:5,4
DA:17,43
DA:18,43
DA:19,43
DA:20,33
DA:21,33
DA:25,10
DA:26,10
DA:27,10
DA:44,37
DA:45,37
DA:47,37
DA:48,35
DA:50,35
DA:51,26
DA:55,9
DA:59,11
DA:60,11
DA:62,11
DA:67,4
LF:21
LH:21
BRDA:18,0,0,43
BRDA:18,0,1,10
BRDA:45,1,0,37
BRDA:45,1,1,1
BRDA:50,2,0,26
BRDA:50,2,1,9
BRDA:50,3,0,35
BRDA:50,3,1,10
BRF:8
BRH:8
end_of_record
TN:
SF:models/cart.js
FN:15,(anonymous_0)
FN:32,(anonymous_1)
FN:62,(anonymous_2)
FN:99,(anonymous_3)
FN:111,(anonymous_4)
FN:120,(anonymous_5)
FNF:6
FNH:6
FNDA:37,(anonymous_0)
FNDA:15,(anonymous_1)
FNDA:4,(anonymous_2)
FNDA:65,(anonymous_3)
FNDA:2,(anonymous_4)
FNDA:19,(anonymous_5)
DA:7,8
DA:8,8
DA:17,37
DA:18,37
DA:20,37
DA:28,37
DA:34,15
DA:36,15
DA:37,15
DA:38,15
DA:40,15
DA:49,0
DA:57,15
DA:63,4
DA:64,4
DA:67,4
DA:70,4
DA:71,2
DA:73,2
DA:76,2
DA:86,0
DA:94,2
DA:100,65
DA:104,65
DA:112,2
DA:116,2
DA:123,19
DA:138,8
LF:28
LH:26
BRDA:18,0,0,0
BRDA:18,0,1,37
BRDA:38,1,0,15
BRDA:38,1,1,0
BRDA:70,2,0,2
BRDA:70,2,1,2
BRDA:73,3,0,2
BRDA:73,3,1,0
BRF:8
BRH:5
end_of_record
TN:
SF:models/order.js
FN:14,(anonymous_0)
FN:38,(anonymous_1)
FN:63,(anonymous_2)
FN:77,(anonymous_3)
FNF:4
FNH:4
FNDA:9,(anonymous_0)
FNDA:9,(anonymous_1)
FNDA:3,(anonymous_2)
FNDA:2,(anonymous_3)
DA:8,5
DA:9,5
DA:10,5
DA:17,9
DA:22,9
DA:24,9
DA:27,9
DA:29,9
DA:31,9
DA:33,9
DA:39,9
DA:45,9
DA:47,8
DA:54,8
DA:59,8
DA:66,3
DA:74,3
DA:78,2
DA:82,2
DA:90,5
LF:20
LH:20
BRDA:22,0,0,0
BRDA:22,0,1,9
BRDA:29,1,0,0
BRDA:29,1,1,9
BRDA:45,2,0,1
BRDA:45,2,1,8
BRF:6
BRH:4
end_of_record
TN:
SF:models/user.js
FN:17,(anonymous_0)
FN:48,(anonymous_1)
FN:88,(anonymous_2)
FN:100,(anonymous_3)
FN:120,(anonymous_4)
FN:148,(anonymous_5)
FNF:6
FNH:6
FNDA:29,(anonymous_0)
FNDA:90,(anonymous_1)
FNDA:1,(anonymous_2)
FNDA:36,(anonymous_3)
FNDA:4,(anonymous_4)
FNDA:3,(anonymous_5)
DA:4,8
DA:5,8
DA:6,8
DA:7,8
DA:8,8
DA:10,8
DA:19,29
DA:27,29
DA:29,29
DA:31,29
DA:32,29
DA:33,1
DA:38,28
DA:39,28
DA:50,90
DA:57,90
DA:58,1
DA:62,89
DA:64,89
DA:78,89
DA:89,1
DA:94,1
DA:101,36
DA:107,36
DA:109,36
DA:111,1
DA:114,35
DA:122,4
DA:123,1
DA:126,4
DA:133,4
DA:134,4
DA:136,4
DA:137,1
DA:140,3
DA:142,3
DA:149,3
DA:155,3
DA:156,1
DA:158,2
DA:164,8
LF:41
LH:41
BRDA:29,0,0,29
BRDA:29,0,1,0
BRDA:32,1,0,1
BRDA:32,1,1,28
BRDA:57,2,0,1
BRDA:57,2,1,89
BRDA:109,3,0,1
BRDA:109,3,1,35
BRDA:122,4,0,1
BRDA:122,4,1,3
BRDA:136,5,0,1
BRDA:136,5,1,3
BRDA:155,6,0,1
BRDA:155,6,1,2
BRF:14
BRH:13
end_of_record
TN:
SF:models/wishlist.js
FN:15,(anonymous_0)
FN:28,(anonymous_1)
FNF:2
FNH:2
FNDA:4,(anonymous_0)
FNDA:4,(anonymous_1)
DA:8,5
DA:9,5
DA:17,4
DA:22,4
DA:30,4
DA:36,4
DA:39,2
DA:44,2
DA:53,5
LF:9
LH:9
BRDA:36,0,0,2
BRDA:36,0,1,2
BRF:2
BRH:2
end_of_record
TN:
SF:routes/auth.js
FN:11,(anonymous_0)
FNF:1
FNH:1
FNDA:27,(anonymous_0)
DA:6,4
DA:7,4
DA:8,4
DA:9,4
DA:11,4
DA:12,27
DA:13,27
DA:15,27
DA:16,27
DA:17,27
DA:18,27
DA:20,0
DA:23,0
DA:29,4
LF:14
LH:12
BRDA:15,0,0,27
BRDA:15,0,1,0
BRF:2
BRH:1
end_of_record
TN:
SF:routes/carts.js
FN:18,(anonymous_0)
FN:33,(anonymous_1)
FN:49,(anonymous_2)
FNF:3
FNH:3
FNDA:8,(anonymous_0)
FNDA:2,(anonymous_1)
FNDA:1,(anonymous_2)
DA:5,4
DA:6,4
DA:8,4
DA:10,4
DA:11,4
DA:18,4
DA:19,8
DA:20,8
DA:22,8
DA:23,8
DA:24,8
DA:27,0
DA:33,4
DA:34,2
DA:35,2
DA:37,2
DA:39,2
DA:40,2
DA:43,0
DA:49,4
DA:50,1
DA:51,1
DA:53,1
DA:54,1
DA:57,0
DA:63,4
LF:26
LH:23
BRF:0
BRH:0
end_of_record
TN:
SF:routes/orders.js
FN:19,(anonymous_0)
FN:38,(anonymous_1)
FN:56,(anonymous_2)
FNF:3
FNH:3
FNDA:5,(anonymous_0)
FNDA:1,(anonymous_1)
FNDA:1,(anonymous_2)
DA:7,4
DA:8,4
DA:10,4
DA:12,4
DA:13,4
DA:19,4
DA:21,5
DA:22,5
DA:23,5
DA:24,5
DA:27,0
DA:38,4
DA:40,1
DA:41,1
DA:42,1
DA:43,1
DA:46,0
DA:47,0
DA:56,4
DA:58,1
DA:60,1
DA:61,1
DA:62,1
DA:65,0
DA:73,4
LF:25
LH:21
BRDA:60,0,0,1
BRDA:60,0,1,0
BRF:2
BRH:1
end_of_record
TN:
SF:routes/users.js
FN:17,(anonymous_0)
FN:30,(anonymous_1)
FN:41,(anonymous_2)
FN:68,(anonymous_3)
FN:92,(anonymous_4)
FNF:5
FNH:5
FNDA:1,(anonymous_0)
FNDA:1,(anonymous_1)
FNDA:1,(anonymous_2)
FNDA:3,(anonymous_3)
FNDA:1,(anonymous_4)
DA:5,4
DA:6,4
DA:8,4
DA:10,4
DA:12,4
DA:14,4
DA:17,4
DA:18,1
DA:19,1
DA:20,1
DA:22,0
DA:30,4
DA:31,1
DA:32,1
DA:33,1
DA:35,0
DA:41,4
DA:43,1
DA:44,1
DA:46,1
DA:48,1
DA:49,1
DA:50,0
DA:52,1
DA:53,1
DA:54,1
DA:59,0
DA:68,4
DA:69,3
DA:72,3
DA:73,3
DA:74,1
DA:80,2
DA:83,2
DA:85,0
DA:92,4
DA:93,1
DA:94,1
DA:95,1
DA:97,0
DA:102,4
LF:41
LH:35
BRDA:44,0,0,0
BRDA:44,0,1,1
BRDA:49,1,0,0
BRDA:49,1,1,1
BRDA:73,2,0,1
BRDA:73,2,1,2
BRF:6
BRH:4
end_of_record
TN:
SF:routes/wishlists.js
FN:21,(anonymous_0)
FN:35,(anonymous_1)
FNF:2
FNH:2
FNDA:2,(anonymous_0)
FNDA:2,(anonymous_1)
DA:9,4
DA:10,4
DA:12,4
DA:14,4
DA:15,4
DA:21,4
DA:22,2
DA:23,2
DA:24,2
DA:25,2
DA:26,2
DA:29,0
DA:35,4
DA:36,2
DA:37,2
DA:38,2
DA:39,2
DA:40,2
DA:41,2
DA:44,0
DA:50,4
LF:21
LH:19
BRF:0
BRH:0
end_of_record
TN:
SF:schemas/userSchemas.js
FNF:0
FNH:0
DA:4,4
DA:6,4
DA:14,4
DA:24,4
LF:4
LH:4
BRF:0
BRH:0
end_of_record
